<?xml version="1.0" encoding="UTF-8"?>
<!-- Generated by org.testng.reporters.JUnitReportReporter -->
<testsuite hostname="DELL-G7-7588" failures="0" tests="1" name="log.LoggerTestNG" time="0.063" errors="0" timestamp="2023-08-07T13:22:41 BRT" skipped="0">
  <testcase classname="log.LoggerTestNG" name="testLogMessage" time="0.063"/>
  <system-out/>
</testsuite> <!-- log.LoggerTestNG -->
